2023-06-02 23:04:14,678 INFO client.py Запущен клиент с парамертами: адрес сервера: 127.0.0.1, порт: 7777
2023-06-02 23:04:14,679 DEBUG client.py Сформировано presence сообщение для пользователя Guest
2023-06-02 23:04:14,680 DEBUG client.py Разбор сообщения от сервера: {'response': 200}
2023-06-02 23:04:14,680 INFO client.py Принят ответ от сервера 200 : OK
2023-06-02 23:04:56,798 CRITICAL config_client_log.py Критическая ошибка
2023-06-02 23:04:56,798 ERROR config_client_log.py Ошибка
2023-06-02 23:04:56,798 DEBUG config_client_log.py Отладочная информация
2023-06-02 23:04:56,799 INFO config_client_log.py Информационное сообщение
2023-06-02 23:06:54,531 INFO client.py Запущен клиент с парамертами: адрес сервера: 127.0.0.1, порт: 7777
2023-06-02 23:06:54,532 DEBUG client.py Сформировано presence сообщение для пользователя Guest
2023-06-02 23:06:54,533 DEBUG client.py Разбор сообщения от сервера: {'response': 200}
2023-06-02 23:06:54,533 INFO client.py Принят ответ от сервера 200 : OK
2023-06-02 23:07:04,478 CRITICAL config_client_log.py Критическая ошибка
2023-06-02 23:07:04,478 ERROR config_client_log.py Ошибка
2023-06-02 23:07:04,478 DEBUG config_client_log.py Отладочная информация
2023-06-02 23:07:04,478 INFO config_client_log.py Информационное сообщение
2023-06-02 23:16:41,462 INFO client.py Запущен клиент с парамертами: адрес сервера: 127.0.0.1, порт: 7777
2023-06-02 23:16:41,463 DEBUG client.py Сформировано presence сообщение для пользователя Guest
2023-06-02 23:16:41,463 DEBUG client.py Разбор сообщения от сервера: {'response': 200}
2023-06-02 23:16:41,463 INFO client.py Принят ответ от сервера 200 : OK
2023-06-02 23:26:01,696 INFO client.py Запущен клиент с парамертами: адрес сервера: 127.0.0.1, порт: 7777
2023-06-02 23:26:01,697 DEBUG client.py Сформировано presence сообщение для пользователя Guest
2023-06-02 23:26:01,697 DEBUG client.py Разбор сообщения от сервера: {'response': 200}
2023-06-02 23:26:01,697 INFO client.py Принят ответ от сервера 200 : OK
2023-06-02 23:26:11,738 CRITICAL config_client_log.py Критическая ошибка
2023-06-02 23:26:11,738 ERROR config_client_log.py Ошибка
2023-06-02 23:26:11,738 DEBUG config_client_log.py Отладочная информация
2023-06-02 23:26:11,738 INFO config_client_log.py Информационное сообщение
